生成启动时间为 2020/6/28 12:30:20。
     1>项目“E:\project\图形学作业五\图形学作业五\图形学作业五.vcxproj”在节点 2 上(Build 个目标)。
     1>Link:
         D:\Visual\VC\bin\link.exe /ERRORREPORT:PROMPT /OUT:"E:\project\图形学作业五\Release\图形学作业五.exe" /INCREMENTAL:NO /NOLOGO "assimp-vc120-mt.lib" opencv_ml249d.lib opencv_calib3d249d.lib opencv_contrib249d.lib opencv_core249d.lib opencv_features2d249d.lib opencv_flann249d.lib opencv_gpu249d.lib opencv_highgui249d.lib opencv_imgproc249d.lib opencv_legacy249d.lib opencv_objdetect249d.lib opencv_ts249d.lib opencv_video249d.lib opencv_nonfree249d.lib opencv_ocl249d.lib opencv_photo249d.lib opencv_stitching249d.lib opencv_superres249d.lib opencv_videostab249d.lib opencv_objdetect249.lib opencv_ts249.lib opencv_video249.lib opencv_nonfree249.lib opencv_ocl249.lib opencv_photo249.lib opencv_stitching249.lib opencv_superres249.lib opencv_videostab249.lib opencv_calib3d249.lib opencv_contrib249.lib opencv_core249.lib opencv_features2d249.lib opencv_flann249.lib opencv_gpu249.lib opencv_highgui249.lib opencv_imgproc249.lib opencv_legacy249.lib opencv_ml249.lib kernel32.lib user32.lib gdi32.lib winspool.lib comdlg32.lib advapi32.lib shell32.lib ole32.lib oleaut32.lib uuid.lib odbc32.lib odbccp32.lib /MANIFEST /MANIFESTUAC:"level='asInvoker' uiAccess='false'" /manifest:embed /DEBUG /PDB:"E:\project\图形学作业五\Release\图形学作业五.pdb" /SUBSYSTEM:CONSOLE /OPT:REF /OPT:ICF /LTCG /TLBID:1 /DYNAMICBASE /NXCOMPAT /IMPLIB:"E:\project\图形学作业五\Release\图形学作业五.lib" /MACHINE:X86 /SAFESEH Release\main.obj
         Release\PathTracer.obj
     1>PathTracer.obj : error LNK2001: 无法解析的外部符号 "public: struct aiScene const * __thiscall Assimp::Importer::ReadFile(char const *,unsigned int)" (?ReadFile@Importer@Assimp@@QAEPBUaiScene@@PBDI@Z)
     1>PathTracer.obj : error LNK2001: 无法解析的外部符号 "public: __thiscall Assimp::Importer::~Importer(void)" (??1Importer@Assimp@@QAE@XZ)
     1>PathTracer.obj : error LNK2001: 无法解析的外部符号 "public: __thiscall Assimp::Importer::Importer(void)" (??0Importer@Assimp@@QAE@XZ)
     1>E:\project\图形学作业五\Release\图形学作业五.exe : fatal error LNK1120: 3 个无法解析的外部命令
     1>已完成生成项目“E:\project\图形学作业五\图形学作业五\图形学作业五.vcxproj”(Build 个目标)的操作 - 失败。

生成失败。

已用时间 00:00:00.80
